# JRE version: Java(TM) SE Runtime Environment (8.0_45-b14) (build 1.8.0_45-b14)
# Java VM: Java HotSpot(TM) 64-Bit Server VM (25.45-b02 mixed mode linux-amd64 compressed oops)
Heap:
 PSYoungGen      total 357888K, used 96K [0x00000000dc580000, 0x00000000f2680000, 0x0000000100000000)
  eden space 354304K, 0% used [0x00000000dc580000,0x00000000dc580000,0x00000000f1f80000)
  from space 3584K, 2% used [0x00000000f1f80000,0x00000000f1f98000,0x00000000f2300000)
  to   space 3584K, 0% used [0x00000000f2300000,0x00000000f2300000,0x00000000f2680000)
 ParOldGen       total 73728K, used 2128K [0x0000000095000000, 0x0000000099800000, 0x00000000dc580000)
  object space 73728K, 2% used [0x0000000095000000,0x0000000095214080,0x0000000099800000)
 Metaspace       used 9656K, capacity 10078K, committed 10112K, reserved 1058816K
  class space    used 1256K, capacity 1389K, committed 1408K, reserved 1048576K
GC Heap History (10 events):
Event: 3,719 GC heap after
Heap after GC invocations=6 (full 0):
 PSYoungGen      total 113152K, used 2144K [0x00000000dc580000, 0x00000000e3680000, 0x0000000100000000)
  eden space 110592K, 0% used [0x00000000dc580000,0x00000000dc580000,0x00000000e3180000)
  from space 2560K, 83% used [0x00000000e3400000,0x00000000e3618020,0x00000000e3680000)
  to   space 2560K, 0% used [0x00000000e3180000,0x00000000e3180000,0x00000000e3400000)
 ParOldGen       total 73728K, used 40K [0x0000000095000000, 0x0000000099800000, 0x00000000dc580000)
  object space 73728K, 0% used [0x0000000095000000,0x000000009500a000,0x0000000099800000)
 Metaspace       used 9643K, capacity 10078K, committed 10112K, reserved 1058816K
  class space    used 1256K, capacity 1389K, committed 1408K, reserved 1048576K
}
Event: 4,756 GC heap before
{Heap before GC invocations=7 (full 0):
 PSYoungGen      total 113152K, used 112736K [0x00000000dc580000, 0x00000000e3680000, 0x0000000100000000)
  eden space 110592K, 100% used [0x00000000dc580000,0x00000000e3180000,0x00000000e3180000)
  from space 2560K, 83% used [0x00000000e3400000,0x00000000e3618020,0x00000000e3680000)
  to   space 2560K, 0% used [0x00000000e3180000,0x00000000e3180000,0x00000000e3400000)
 ParOldGen       total 73728K, used 40K [0x0000000095000000, 0x0000000099800000, 0x00000000dc580000)
  object space 73728K, 0% used [0x0000000095000000,0x000000009500a000,0x0000000099800000)
 Metaspace       used 9643K, capacity 10078K, committed 10112K, reserved 1058816K
  class space    used 1256K, capacity 1389K, committed 1408K, reserved 1048576K
Event: 4,772 GC heap after
Heap after GC invocations=7 (full 0):
 PSYoungGen      total 113152K, used 32K [0x00000000dc580000, 0x00000000ea380000, 0x0000000100000000)
  eden space 110592K, 0% used [0x00000000dc580000,0x00000000dc580000,0x00000000e3180000)
  from space 2560K, 1% used [0x00000000e3180000,0x00000000e3188000,0x00000000e3400000)
  to   space 3072K, 0% used [0x00000000ea080000,0x00000000ea080000,0x00000000ea380000)
 ParOldGen       total 73728K, used 2112K [0x0000000095000000, 0x0000000099800000, 0x00000000dc580000)
  object space 73728K, 2% used [0x0000000095000000,0x0000000095210080,0x0000000099800000)
 Metaspace       used 9643K, capacity 10078K, committed 10112K, reserved 1058816K
  class space    used 1256K, capacity 1389K, committed 1408K, reserved 1048576K
}
Event: 5,369 GC heap before
{Heap before GC invocations=8 (full 0):
 PSYoungGen      total 113152K, used 110624K [0x00000000dc580000, 0x00000000ea380000, 0x0000000100000000)
  eden space 110592K, 100% used [0x00000000dc580000,0x00000000e3180000,0x00000000e3180000)
  from space 2560K, 1% used [0x00000000e3180000,0x00000000e3188000,0x00000000e3400000)
  to   space 3072K, 0% used [0x00000000ea080000,0x00000000ea080000,0x00000000ea380000)
 ParOldGen       total 73728K, used 2112K [0x0000000095000000, 0x0000000099800000, 0x00000000dc580000)
  object space 73728K, 2% used [0x0000000095000000,0x0000000095210080,0x0000000099800000)
 Metaspace       used 9656K, capacity 10078K, committed 10112K, reserved 1058816K
  class space    used 1256K, capacity 1389K, committed 1408K, reserved 1048576K
Event: 5,395 GC heap after
Heap after GC invocations=8 (full 0):
 PSYoungGen      total 224256K, used 64K [0x00000000dc580000, 0x00000000ea380000, 0x0000000100000000)
  eden space 221184K, 0% used [0x00000000dc580000,0x00000000dc580000,0x00000000e9d80000)
  from space 3072K, 2% used [0x00000000ea080000,0x00000000ea090000,0x00000000ea380000)
  to   space 3072K, 0% used [0x00000000e9d80000,0x00000000e9d80000,0x00000000ea080000)
 ParOldGen       total 73728K, used 2120K [0x0000000095000000, 0x0000000099800000, 0x00000000dc580000)
  object space 73728K, 2% used [0x0000000095000000,0x0000000095212080,0x0000000099800000)
 Metaspace       used 9656K, capacity 10078K, committed 10112K, reserved 1058816K
  class space    used 1256K, capacity 1389K, committed 1408K, reserved 1048576K
}
Event: 12,212 GC heap before
{Heap before GC invocations=9 (full 0):
 PSYoungGen      total 224256K, used 221248K [0x00000000dc580000, 0x00000000ea380000, 0x0000000100000000)
  eden space 221184K, 100% used [0x00000000dc580000,0x00000000e9d80000,0x00000000e9d80000)
  from space 3072K, 2% used [0x00000000ea080000,0x00000000ea090000,0x00000000ea380000)
  to   space 3072K, 0% used [0x00000000e9d80000,0x00000000e9d80000,0x00000000ea080000)
 ParOldGen       total 73728K, used 2120K [0x0000000095000000, 0x0000000099800000, 0x00000000dc580000)
  object space 73728K, 2% used [0x0000000095000000,0x0000000095212080,0x0000000099800000)
 Metaspace       used 9656K, capacity 10078K, committed 10112K, reserved 1058816K
  class space    used 1256K, capacity 1389K, committed 1408K, reserved 1048576K
Event: 12,947 GC heap after
Heap after GC invocations=9 (full 0):
 PSYoungGen      total 224256K, used 64K [0x00000000dc580000, 0x00000000f2680000, 0x0000000100000000)
  eden space 221184K, 0% used [0x00000000dc580000,0x00000000dc580000,0x00000000e9d80000)
  from space 3072K, 2% used [0x00000000e9d80000,0x00000000e9d90000,0x00000000ea080000)
  to   space 3584K, 0% used [0x00000000f2300000,0x00000000f2300000,0x00000000f2680000)
 ParOldGen       total 73728K, used 2120K [0x0000000095000000, 0x0000000099800000, 0x00000000dc580000)
  object space 73728K, 2% used [0x0000000095000000,0x0000000095212080,0x0000000099800000)
 Metaspace       used 9656K, capacity 10078K, committed 10112K, reserved 1058816K
  class space    used 1256K, capacity 1389K, committed 1408K, reserved 1048576K
}
Event: 14,095 GC heap before
{Heap before GC invocations=10 (full 0):
 PSYoungGen      total 224256K, used 221248K [0x00000000dc580000, 0x00000000f2680000, 0x0000000100000000)
  eden space 221184K, 100% used [0x00000000dc580000,0x00000000e9d80000,0x00000000e9d80000)
  from space 3072K, 2% used [0x00000000e9d80000,0x00000000e9d90000,0x00000000ea080000)
  to   space 3584K, 0% used [0x00000000f2300000,0x00000000f2300000,0x00000000f2680000)
 ParOldGen       total 73728K, used 2120K [0x0000000095000000, 0x0000000099800000, 0x00000000dc580000)
  object space 73728K, 2% used [0x0000000095000000,0x0000000095212080,0x0000000099800000)
 Metaspace       used 9656K, capacity 10078K, committed 10112K, reserved 1058816K
  class space    used 1256K, capacity 1389K, committed 1408K, reserved 1048576K
Event: 14,098 GC heap after
Heap after GC invocations=10 (full 0):
 PSYoungGen      total 357888K, used 32K [0x00000000dc580000, 0x00000000f2680000, 0x0000000100000000)
  eden space 354304K, 0% used [0x00000000dc580000,0x00000000dc580000,0x00000000f1f80000)
  from space 3584K, 0% used [0x00000000f2300000,0x00000000f2308000,0x00000000f2680000)
  to   space 3584K, 0% used [0x00000000f1f80000,0x00000000f1f80000,0x00000000f2300000)
 ParOldGen       total 73728K, used 2128K [0x0000000095000000, 0x0000000099800000, 0x00000000dc580000)
  object space 73728K, 2% used [0x0000000095000000,0x0000000095214080,0x0000000099800000)
 Metaspace       used 9656K, capacity 10078K, committed 10112K, reserved 1058816K
  class space    used 1256K, capacity 1389K, committed 1408K, reserved 1048576K
}
Event: 17,175 GC heap before
{Heap before GC invocations=11 (full 0):
 PSYoungGen      total 357888K, used 354336K [0x00000000dc580000, 0x00000000f2680000, 0x0000000100000000)
  eden space 354304K, 100% used [0x00000000dc580000,0x00000000f1f80000,0x00000000f1f80000)
  from space 3584K, 0% used [0x00000000f2300000,0x00000000f2308000,0x00000000f2680000)
  to   space 3584K, 0% used [0x00000000f1f80000,0x00000000f1f80000,0x00000000f2300000)
 ParOldGen       total 73728K, used 2128K [0x0000000095000000, 0x0000000099800000, 0x00000000dc580000)
  object space 73728K, 2% used [0x0000000095000000,0x0000000095214080,0x0000000099800000)
 Metaspace       used 9656K, capacity 10078K, committed 10112K, reserved 1058816K
  class space    used 1256K, capacity 1389K, committed 1408K, reserved 1048576K

